15:29:19 | INFO     | System Engine Started with File Logging.
15:29:21 | INFO     | System Engine Started.
15:29:21 | INFO     | Bot logic initialized.
15:29:23 | INFO     | ❤️ Heartbeat | XAUUSD @ 0.0 | Equity: $0.00
15:29:26 | INFO     | Auto-Sync: UI updated to match EA symbol (BTCUSDm)
15:29:47 | INFO     | Auto-Trading ENABLED
15:29:48 | WARNING  | 📉 CRYPTO News: Crypto slump hits ARK ETFs in Q4, Coinbase becomes top detractor
15:29:49 | INFO     | 🚀 EXECUTING: SELL BTCUSDm @ 96347.45
Reason: News: News (slump): Crypto slump hits ARK ETFs in Q4, Coinba...
15:29:50 | INFO     | Order Queued: SELL|BTCUSDm|100.0|96443.8|96154.76|10
15:30:52 | INFO     | ❤️ Heartbeat | BTCUSDm @ 96337.17 | Equity: $955,530,185.93
15:31:53 | INFO     | ❤️ Heartbeat | BTCUSDm @ 96328.7 | Equity: $955,531,879.93
15:32:54 | INFO     | ❤️ Heartbeat | BTCUSDm @ 96309.97 | Equity: $955,535,625.93
15:33:56 | INFO     | ❤️ Heartbeat | BTCUSDm @ 96319.41 | Equity: $955,533,737.93
15:34:21 | INFO     | Symbol Change Queued: BTCUSDm
15:34:23 | INFO     | Changing active symbol to BTCUSDm...
15:34:27 | INFO     | Symbol Change Queued: XAUUSDm
15:34:29 | INFO     | Changing active symbol to XAUUSDm...
15:34:58 | INFO     | ❤️ Heartbeat | XAUUSDm @ 4603.023 | Equity: $955,530,557.93
15:36:00 | INFO     | ❤️ Heartbeat | XAUUSDm @ 4602.058 | Equity: $955,530,583.93
15:37:02 | INFO     | ❤️ Heartbeat | XAUUSDm @ 4602.735 | Equity: $955,529,227.93
